This file contains any messages produced by compilers while
running configure, to aid debugging if configure makes a mistake.

It was created by remokoserver configure 0.2.1, which was
generated by GNU Autoconf 2.61.  Invocation command line was

  $ ./configure --host=arm-angstrom-linux-gnueabi --prefix=/usr/local/openmoko/arm/arm-angstrom-linux-gnueabi/usr/ host_alias=arm-angstrom-linux-gnueabi CC=ccache arm-angstrom-linux-gnueabi-gcc -march=armv4t -mtune=arm920t CFLAGS=-isystem/usr/local/openmoko/arm/arm-angstrom-linux-gnueabi/include -fexpensive-optimizations -fomit-frame-pointer -frename-registers -Os LDFLAGS=-L/usr/local/openmoko/arm/arm-angstrom-linux-gnueabi/lib -Wl,-rpath-link,/usr/local/openmoko/arm/arm-angstrom-linux-gnueabi/lib -Wl,-O1 CPPFLAGS=-isystem/usr/local/openmoko/arm/arm-angstrom-linux-gnueabi/include CPP=arm-angstrom-linux-gnueabi-gcc -E CXX=ccache arm-angstrom-linux-gnueabi-g++ -march=armv4t -mtune=arm920t CXXFLAGS=-isystem/usr/local/openmoko/arm/arm-angstrom-linux-gnueabi/include -fexpensive-optimizations -fomit-frame-pointer -frename-registers -Os -fpermissive -fvisibility-inlines-hidden F77=ccache arm-angstrom-linux-gnueabi-g77 -march=armv4t -mtune=arm920t --no-create --no-recursion

## --------- ##
## Platform. ##
## --------- ##

hostname = VDVsx-Machine
uname -m = i686
uname -r = 2.6.22-15-generic
uname -s = Linux
uname -v = #1 SMP Tue Jun 10 09:21:34 UTC 2008

/usr/bin/uname -p = unknown
/bin/uname -X     = unknown

/bin/arch              = unknown
/usr/bin/arch -k       = unknown
/usr/convex/getsysinfo = unknown
/usr/bin/hostinfo      = unknown
/bin/machine           = unknown
/usr/bin/oslevel       = unknown
/bin/universe          = unknown

PATH: /usr/local/openmoko/arm/bin
PATH: /usr/local/sbin
PATH: /usr/local/bin
PATH: /usr/sbin
PATH: /usr/bin
PATH: /sbin
PATH: /bin
PATH: /usr/games


## ----------- ##
## Core tests. ##
## ----------- ##

configure:1846: loading site script /usr/local/openmoko/arm/site-config
| ac_cv_c_littleendian=${ac_cv_c_littleendian=yes}
| ac_cv_c_bigendian=${ac_cv_c_bigendian=no}
| 
| # libnet
| ac_cv_libnet_endianess=${ac_cv_libnet_endianess=lil}
| 
| # apr
| ac_cv_file__dev_zero=${ac_cv_file__dev_zero=yes}
| # general
| ac_cv_have_decl_sys_siglist=${ac_cv_have_decl_sys_siglist=yes}
| ac_cv_func_malloc_0_nonnull=${ac_cv_func_malloc_0_nonnull=yes}
| ac_cv_func_memcmp_working=${ac_cv_func_memcmp_working=yes}
| ac_cv_type_uid_t={ac_cv_type_uid_t=yes}
| 
| # bash
| bash_cv_under_sys_siglist=${bash_cv_under_sys_siglist=yes}
| bash_cv_sys_siglist=${bash_cv_sys_siglist=yes}
| 
| # clamav
| clamav_av_func_working_snprintf_long=${clamav_av_func_working_snprintf_long=yes}
| clamav_av_have_in_port_t=${clamav_av_have_in_port_t=yes}
| clamav_av_have_in_addr_t=${clamav_av_have_in_addr_t=yes}
| ac_cv_func_mmap_fixed_mapped=${ac_cv_func_mmap_fixed_mapped=yes}
| 
| # glib
| glib_cv_strlcpy=${glib_cv_strlcpy=no}
| ac_cv_func_printf_unix98=${ac_cv_func_printf_unix98=yes}
| ac_cv_func_snprintf_c99=${ac_cv_func_snprintf_c99=yes}
| ac_cv_func_vsnprintf_c99=${ac_cv_func_vsnprintf_c99=yes}
| glib_cv_compliant_posix_memalign=${glib_cv_compliant_posix_memalign=1}
| glib_cv_long_long_format=${glib_cv_long_long_format=ll}
| 
| #dbus-glib
| ac_cv_have_abstract_sockets=${ac_cv_have_abstract_sockets=yes}
| 
| # gnucash
| am_cv_scanf_lld=${am_cv_scanf_lld=yes}
| 
| # mono
| mono_cv_uscore=${mono_cv_uscore=no}
| 
| # guile
| ac_cv_func_pthread_attr_getstack=${ac_cv_func_pthread_attr_getstack=yes}
| 
| #gcc-zlib
| ac_cv_func_getpagesize=${ac_cv_func_getpagesize=yes}
| ac_cv_func_memcpy=${ac_cv_func_memcpy=yes}
| ac_cv_func_strerror=${ac_cv_func_strerror=yes}
| 
| # squid
| ac_cv_af_unix_large_dgram=${ac_cv_af_unix_large_dgram=yes}
| ac_cv_func_setresuid=${ac_cv_func_setresuid=yes}
| ac_cv_func_va_copy=${ac_cv_func_va_copy=yes}
| ac_cv_func___va_copy=${ac_cv_func___va_copy=yes}
| ac_cv_epoll_works=${ac_cv_epoll_works=yes}
| 
| # pth
| ac_cv_check_sjlj=ssjlj
| ac_cv_sizeof_char=${ac_cv_sizeof_char=1}
| ac_cv_sizeof_unsigned_char=${ac_cv_sizeof_unsigned_int=1}
| ac_cv_sizeof_char_p=${ac_cv_sizeof_char_p=4}
| ac_cv_sizeof_unsigned_char_p=${ac_cv_sizeof_unsigned_char_p=4}
| ac_cv_sizeof_int=${ac_cv_sizeof_int=4}
| ac_cv_sizeof_unsigned_int=${ac_cv_sizeof_unsigned_int=4}
| ac_cv_sizeof_int_p=${ac_cv_sizeof_int_p=4}
| ac_cv_sizeof_long=${ac_cv_sizeof_long=4}
| ac_cv_sizeof_unsigned_long=${ac_cv_sizeof_unsigned_long=4}
| ac_cv_sizeof_long_long=${ac_cv_sizeof_long_long=8}
| ac_cv_sizeof_unsigned_long_long=${ac_cv_sizeof_unsigned_long_long=8}
| ac_cv_sizeof_short=${ac_cv_sizeof_short=2}
| ac_cv_sizeof_unsigned_short=${ac_cv_sizeof_unsigned_short=2}
| ac_cv_sizeof_size_t=${ac_cv_sizeof_size_t=4}
| ac_cv_sizeof_ssize_t=${ac_cv_sizeof_ssize_t=4}
| ac_cv_sizeof_void_p=${ac_cv_sizeof_void_p=4}
| ac_cv_sizeof_long_p=${ac_cv_sizeof_long_p=4}
| ac_cv_sizeof_float=${ac_cv_sizeof_float=4}
| ac_cv_sizeof_off_t=${ac_cv_sizeof_off_t=4}
| 
| ac_cv_func_getpgrp_void=${ac_cv_func_getpgrp_void=yes}
| ac_cv_func_getpwuid_r=${ac_cv_func_getpwuid_r=yes}
| ac_cv_func_lstat_dereferences_slashed_symlink=${ac_cv_func_lstat_dereferences_slashed_symlink=yes}
| ac_cv_func_lstat_empty_string_bug=${ac_cv_func_lstat_empty_string_bug=no}
| ac_cv_func_malloc_0_nonnull=${ac_cv_func_malloc_0_nonnull=yes}
| ac_cv_func_malloc_works=${ac_cv_func_malloc_works=yes}
| ac_cv_func_pthread_key_delete=${ac_cv_func_pthread_key_delete=yes}
| ac_cv_func_setpgrp_void=${ac_cv_func_setpgrp_void=yes}
| ac_cv_func_setvbuf_reversed=${ac_cv_func_setvbuf_reversed=no}
| ac_cv_func_stat_empty_string_bug=${ac_cv_func_stat_empty_string_bug=no}
| ac_cv_func_posix_getpwuid_r=${ac_cv_func_posix_getpwuid_r=yes}
| ac_cv_func_stat_ignores_trailing_slash=${ac_cv_func_stat_ignores_trailing_slash=no}
| 
| ac_cv_header_netinet_sctp_h=${ac_cv_header_netinet_sctp_h=no}
| ac_cv_header_netinet_sctp_uio_h=${ac_cv_header_netinet_sctp_uio_h=no}
| ac_cv_linux_vers=${ac_cv_linux_vers=2}
| ac_cv_sctp=${ac_cv_sctp=no}
| 
| apr_cv_process_shared_works=${apr_cv_process_shared_works=no}
| apr_cv_tcp_nodelay_with_cork=${apr_cv_tcp_nodelay_with_cork=yes}
| 
| ac_cv_path_ESD_CONFIG=no
| lf_cv_sane_realloc=yes
| jm_cv_func_gettimeofday_clobber=no
| samba_cv_HAVE_GETTIMEOFDAY_TZ=yes
| bf_lsbf=1
| ac_cv_sys_restartable_syscalls=yes
| ac_cv_uchar=${ac_cv_uchar=no}
| ac_cv_uint=${ac_cv_uint=yes}
| ac_cv_ulong=${ac_cv_ulong=yes}
| ac_cv_ushort=${ac_cv_ushort=yes}
| 
| # audacity
| ac_cv_file_lib_src_libmad_frame_h=${ac_cv_file_lib_src_libmad_frame_h=no}
| 
| # bash
| ac_cv_c_long_double=${ac_cv_c_long_double=yes}
| bash_cv_have_mbstate_t=${bash_cv_have_mbstate_t=yes}
| bash_cv_func_sigsetjmp=${bash_cv_func_sigsetjmp=missing}
| bash_cv_must_reinstall_sighandlers=${bash_cv_must_reinstall_sighandlers=no}
| bash_cv_func_strcoll_broken=${bash_cv_func_strcoll_broken=no}
| bash_cv_dup2_broken=${bash_cv_dup2_broken=no}
| bash_cv_opendir_not_robust=${bash_cv_opendir_not_robust=no}
| bash_cv_type_rlimit=${bash_cv_type_rlimit=rlim_t}
| bash_cv_getenv_redef=${bash_cv_getenv_redef=yes}
| bash_cv_ulimit_maxfds=${bash_cv_ulimit_maxfds=yes}
| bash_cv_getcwd_calls_popen=${bash_cv_getcwd_calls_popen=no}
| bash_cv_printf_a_format=${bash_cv_printf_a_format=yes}
| bash_cv_pgrp_pipe=${bash_cv_pgrp_pipe=no}
| bash_cv_job_control_missing=${bash_cv_job_control_missing=present}
| bash_cv_sys_named_pipes=${bash_cv_sys_named_pipes=present}
| bash_cv_unusable_rtsigs=${bash_cv_unusable_rtsigs=no}
| 
| # clamav
| clamav_av_func_working_snprintf_long=${clamav_av_func_working_snprintf_long=yes}
| clamav_av_have_in_port_t=${clamav_av_have_in_port_t=yes}
| clamav_av_have_in_addr_t=${clamav_av_have_in_addr_t=yes}
| ac_cv_func_mmap_fixed_mapped=${ac_cv_func_mmap_fixed_mapped=yes}
| 
| # cvs
| cvs_cv_func_printf_ptr=${cvs_cv_func_printf_ptr=yes}
| 
| # db
| db_cv_alignp_t=${db_cv_alignp_t='unsigned long'}
| db_cv_align_t=${db_cv_align_t='unsigned long long'}
| db_cv_fcntl_f_setfd=${db_cv_fcntl_f_setfd=yes}
| db_cv_mutex=${db_cv_mutex=x86/gcc-assembly}
| db_cv_path_ar=${db_cv_path_ar=/usr/bin/ar}
| db_cv_path_chmod=${db_cv_path_chmod=/bin/chmod}
| db_cv_path_cp=${db_cv_path_cp=/bin/cp}
| db_cv_path_ln=${db_cv_path_ln=/bin/ln}
| db_cv_path_mkdir=${db_cv_path_mkdir=/bin/mkdir}
| db_cv_path_ranlib=${db_cv_path_ranlib=/usr/bin/ranlib}
| db_cv_path_rm=${db_cv_path_rm=/bin/rm}
| db_cv_path_sh=${db_cv_path_sh=/bin/sh}
| db_cv_path_strip=${db_cv_path_strip=/usr/bin/strip}
| db_cv_posixmutexes=${db_cv_posixmutexes=no}
| db_cv_sprintf_count=${db_cv_sprintf_count=yes}
| db_cv_uimutexes=${db_cv_uimutexes=no}
| 
| # D-BUS
| ac_cv_func_posix_getpwnam_r=${ac_cv_func_posix_getpwnam_r=yes}
| 
| dpkg_cv_va_copy=${ac_cv_va_copy=no}
| dpkg_cv___va_copy=${ac_cv___va_copy=yes}
| 
| # enca
| yeti_cv_func_scanf_modif_size_t=yes
| 
| # ettercap
| ettercap_cv_type_socklen_t=${ettercap_cv_type_socklen_t=yes}
| 
| # gettext
| am_cv_func_working_getline=${am_cv_func_working_getline=yes}
| 
| # glib
| glib_cv_sizeof_system_thread=${glib_cv_sizeof_system_thread=4}
| glib_cv_has__inline=${glib_cv_has__inline=yes}
| glib_cv_has__inline__=${glib_cv_has__inline__=yes}
| glib_cv_hasinline=${glib_cv_hasinline=yes}
| glib_cv_sane_realloc=${glib_cv_sane_realloc=yes}
| glib_cv_sizeof_gmutex=${glib_cv_sizeof_gmutex=24}
| glib_cv_sys_pthread_cond_timedwait_posix=${glib_cv_sys_pthread_cond_timedwait_posix=yes}
| glib_cv_sys_pthread_getspecific_posix=${glib_cv_sys_pthread_getspecific_posix=yes}
| glib_cv_sys_pthread_mutex_trylock_posix=${glib_cv_sys_pthread_mutex_trylock_posix=yes}
| glib_cv_uscore=${glib_cv_uscore=no}
| glib_cv___va_copy=${glib_cv___va_copy=yes}
| glib_cv_va_copy=${glib_cv_va_copy=yes}
| glib_cv_va_val_copy=${glib_cv_va_val_copy=yes}
| glib_cv_rtldglobal_broken=${glib_cv_rtldglobal_broken=yes}
| 
| # glib-2.0
| glib_cv_stack_grows=${glib_cv_stack_grows=no}
| utils_cv_sys_open_max=${utils_cv_sys_open_max=1015}
| ac_cv_func_posix_getpwuid_r=${ac_cv_func_posix_getpwuid_r=yes}
| glib_cv_use_pid_surrogate=${glib_cv_use_pid_surrogate=yes}
| ac_cv_func_posix_getgrgid_r=${ac_cv_func_posix_getgrgid_r=yes}
| 
| # guile
| ac_cv_sys_restartable_syscalls=yes
| ac_cv_uchar=${ac_cv_uchar=no}
| ac_cv_uint=${ac_cv_uint=yes}
| ac_cv_ulong=${ac_cv_ulong=yes}
| ac_cv_ushort=${ac_cv_ushort=yes}
| 
| # intercom
| ac_cv_func_fnmatch_works=${ac_cv_func_fnmatch_works=yes}
| 
| # ipsec-tools
| ac_cv_va_copy=${ac_cv_va_copy=no}
| ac_cv___va_copy=${ac_cv___va_copy=yes}
| ac_cv_va_val_copy=${ac_cv_va_val_copy=yes}
| racoon_cv_bug_getaddrinfo=${racoon_cv_bug_getaddrinfo=no}
| 
| # jikes-native
| ac_cv_sizeof_wchar_t=4
| 
| # lftp
| ac_cv_need_trio=${ac_cv_need_trio=no}
| lftp_cv_va_copy=${lftp_cv_va_copy=no}
| lftp_cv___va_copy=${lftp_cv___va_copy=yes}
| 
| # libidl
| libIDL_cv_long_long_format=${libIDL_cv_long_long_format=ll}
| 
| # libnet 
| ac_cv_lbl_unaligned_fail=${ac_cv_lbl_unaligned_fail=no}
| ac_libnet_have_packet_socket=${ac_libnet_have_packet_socket=yes}
| 
| # libxfce4util
| with_broken_putenv=${with_broken_putenv=no}
| 
| # mono
| cv_mono_sizeof_sunpath=108
| 
| # mysql
| mysql_cv_func_atomic_sub=${mysql_cv_func_atomic_sub=yes}
| mysql_cv_func_atomic_add=${mysql_cv_func_atomic_add=yes}
| ac_cv_conv_longlong_to_float=${ac_cv_conv_longlong_to_float=yes}
| 
| # ORBit2
| ac_cv_alignof_CORBA_boolean=1
| ac_cv_alignof_CORBA_char=1
| ac_cv_alignof_CORBA_double=4
| ac_cv_alignof_CORBA_float=4
| ac_cv_alignof_CORBA_long=4
| ac_cv_alignof_CORBA_long_double=4
| ac_cv_alignof_CORBA_long_long=4
| ac_cv_alignof_CORBA_octet=1
| ac_cv_alignof_CORBA_pointer=4
| ac_cv_alignof_CORBA_short=2
| ac_cv_alignof_CORBA_struct=4
| ac_cv_alignof_CORBA_wchar=2
| ac_cv_func_getaddrinfo=${ac_cv_func_getaddrinfo=yes}
| 
| # p3scan
| ac_cv_func_realloc_0_nonnull=${ac_cv_func_realloc_0_nonnull=yes}
| 
| # php
| ac_cv_pread=${ac_cv_pread=no}
| ac_cv_pwrite=${ac_cv_pwrite=no}
| php_cv_lib_cookie_io_functions_use_off64_t=${php_cv_lib_cookie_io_functions_use_off64_t=yes}
| 
| # rp-pppoe
| rpppoe_cv_pack_bitfields=${rpppoe_cv_pack_bitfields=rev}
| 
| # rsync
| rsync_cv_HAVE_BROKEN_LARGEFILE=${rsync_cv_HAVE_BROKEN_LARGEFILE=no}
| rsync_cv_HAVE_SOCKETPAIR=${rsync_cv_HAVE_SOCKETPAIR=yes}
| rsync_cv_HAVE_LONGLONG=${rsync_cv_HAVE_LONGLONG=yes}
| rsync_cv_HAVE_OFF64_T=${rsync_cv_HAVE_OFF64_T=no}
| rsync_cv_HAVE_SHORT_INO_T=${rsync_cv_HAVE_SHORT_INO_T=no}
| rsync_cv_HAVE_UNSIGNED_CHAR=${rsync_cv_HAVE_UNSIGNED_CHAR=no}
| rsync_cv_HAVE_BROKEN_READDIR=${rsync_cv_HAVE_BROKEN_READDIR=no}
| rsync_cv_HAVE_GETTIMEOFDAY_TZ=${rsync_cv_HAVE_GETTIMEOFDAY_TZ=yes}
| rsync_cv_HAVE_C99_VSNPRINTF=${rsync_cv_HAVE_C99_VSNPRINTF=yes}
| rsync_cv_HAVE_SECURE_MKSTEMP=${rsync_cv_HAVE_SECURE_MKSTEMP=yes}
| rsync_cv_REPLACE_INET_NTOA=${rsync_cv_REPLACE_INET_NTOA=no}
| rsync_cv_REPLACE_INET_ATON=${rsync_cv_REPLACE_INET_ATON=no}
| 
| # samba
| samba_cv_HAVE_GETTIMEOFDAY_TZ=${samba_cv_HAVE_GETTIMEOFDAY_TZ=yes}
| 
| # screen
| screen_cv_sys_bcopy_overlap=${screen_cv_sys_bcopy_overlap=no}
| screen_cv_sys_memcpy_overlap=${screen_cv_sys_memcpy_overlap=no}
| screen_cv_sys_memmove_overlap=${screen_cv_sys_memmove_overlap=no}
| screen_cv_sys_fifo_broken_impl=${screen_cv_sys_fifo_broken_impl=yes}
| screen_cv_sys_fifo_usable=${screen_cv_sys_fifo_usable=yes}
| screen_cv_sys_select_broken_retval=${screen_cv_sys_select_broken_retval=no}
| screen_cv_sys_sockets_nofs=${screen_cv_sys_sockets_nofs=no}
| screen_cv_sys_sockets_usable=${screen_cv_sys_sockets_usable=yes}
| screen_cv_sys_terminfo_used=${screen_cv_sys_terminfo_used=yes}
| 
| # slrn
| slrn_cv___va_copy=${slrn_cv___va_copy=yes}
| slrn_cv_va_copy=${slrn_cv_va_copy=no}
| slrn_cv_va_val_copy=${slrn_cv_va_val_copy=yes}
| 
| # ssh
| ac_cv_have_space_d_name_in_struct_dirent=${ac_cv_dirent_have_space_d_name=yes}
| ac_cv_have_broken_snprintf=${ac_cv_have_broken_snprintf=no}
| ac_cv_have_accrights_in_msghdr=${ac_cv_have_accrights_in_msghdr=no}
| ac_cv_have_control_in_msghdr=${ac_cv_have_control_in_msghdr=yes}
| ac_cv_type_struct_timespec=${ac_cv_type_struct_timespec=yes}
| ac_cv_have_openpty_ctty_bug=${ac_cv_have_openpty_ctty_bug=yes}
| 
| # startup-notification
| lf_cv_sane_realloc=yes
| 
| # sudo
| sudo_cv_uid_t_len=${sudo_cv_uid_t_len=10}
| 
| # xffm
| jm_cv_func_working_readdir=yes
| 
| # xorg X11R7
| ac_cv_sys_linker_h=${ac_cv_sys_linker_h=no}
| ac_cv_file__usr_share_X11_sgml_defs_ent=${ac_cv_file__usr_share_X11_sgml_defs_ent=no}
| 
| # eds-dbus
| ac_cv_libiconv_utf8=${ac_cv_libiconv_utf8=yes}
| 
| #dbus
| ac_cv_have_abstract_sockets=${ac_cv_have_abstract_sockets=yes}
| # libelf
| mr_cv_target_elf=${mr_cv_target_elf=yes}
| 
| # Normally kernels have /dev/random enabled
| ac_cv_file__dev_random=${ac_cv_file__dev_random=yes}
| 
| # libelf
| mr_cv_target_elf=${mr_cv_target_elf=yes}
| 
| # Normally kernels have /dev/random enabled
| ac_cv_file__dev_random=${ac_cv_file__dev_random=yes}
| 
configure:1996: checking for a BSD-compatible install
configure:2052: result: /usr/bin/install -c
configure:2063: checking whether build environment is sane
configure:2106: result: yes
configure:2134: checking for a thread-safe mkdir -p
configure:2173: result: /bin/mkdir -p
configure:2186: checking for gawk
configure:2202: found /usr/bin/gawk
configure:2213: result: gawk
configure:2224: checking whether make sets $(MAKE)
configure:2245: result: yes
configure:2325: checking for arm-angstrom-linux-gnueabi-strip
configure:2352: result: arm-angstrom-linux-gnueabi-strip
configure:2436: checking whether to enable maintainer-specific portions of Makefiles
configure:2445: result: no
configure:2471: checking for style of include used by make
configure:2499: result: GNU
configure:2529: checking for arm-angstrom-linux-gnueabi-gcc
configure:2556: result: ccache arm-angstrom-linux-gnueabi-gcc -march=armv4t -mtune=arm920t
configure:2834: checking for C compiler version
configure:2841: ccache arm-angstrom-linux-gnueabi-gcc -march=armv4t -mtune=arm920t --version >&5
arm-angstrom-linux-gnueabi-gcc (GCC) 4.1.2
Copyright (C) 2006 Free Software Foundation, Inc.
This is free software; see the source for copying conditions.  There is NO
warranty; not even for MERCHANTABILITY or FITNESS FOR A PARTICULAR PURPOSE.

configure:2844: $? = 0
configure:2851: ccache arm-angstrom-linux-gnueabi-gcc -march=armv4t -mtune=arm920t -v >&5
Using built-in specs.
Target: arm-angstrom-linux-gnueabi
Configured with: /space/fic/openmoko-daily/neo1973/work/i686-armv4t-sdk-angstrom-linux-gnueabi/gcc-cross-sdk-4.1.2-r6/gcc-4.1.2/configure --build=i686-linux --host=i686-linux --target=arm-angstrom-linux-gnueabi --prefix=/usr/local/openmoko/arm --exec_prefix=/usr/local/openmoko/arm --bindir=/usr/local/openmoko/arm/bin --sbindir=/usr/local/openmoko/arm/bin --libexecdir=/usr/local/openmoko/arm/libexec --datadir=/usr/local/openmoko/arm/share --sysconfdir=/usr/local/openmoko/arm/etc --sharedstatedir=/usr/local/openmoko/arm/share/com --localstatedir=/usr/local/openmoko/arm/var --libdir=/usr/local/openmoko/arm/lib --includedir=/usr/local/openmoko/arm/include --oldincludedir=/usr/local/openmoko/arm/include --infodir=/usr/local/openmoko/arm/share/info --mandir=/usr/local/openmoko/arm/share/man --enable-mainainer-mode --with-gnu-ld --enable-shared --enable-target-optspace --enable-languages=c,c++ --enable-threads=posix --enable-multilib --enable-c99 --enable-long-long --enable-symvers=gnu --enable-libstdcxx-pch --program-prefix=arm-angstrom-linux-gnueabi- --disable-libssp --disable-libmudflap --with-float=soft --with-local-prefix=/space/fic/openmoko-daily/neo1973/staging/arm-angstrom-linux-gnueabi/usr --with-gxx-include-dir=/space/fic/openmoko-daily/neo1973/staging/arm-angstrom-linux-gnueabi//usr/include/c++ --with-sysroot=/usr/local/openmoko/arm/arm-angstrom-linux-gnueabi --with-build-sysroot=/space/fic/openmoko-daily/neo1973/staging/arm-angstrom-linux-gnueabi --disable-libunwind-exceptions --with-mpfr=/space/fic/openmoko-daily/neo1973/staging/i686-linux/usr --enable-__cxa_atexit : (reconfigured) /space/fic/openmoko-daily/neo1973/work/i686-armv4t-sdk-angstrom-linux-gnueabi/gcc-cross-sdk-4.1.2-r6/gcc-4.1.2/configure --build=i686-linux --host=i686-linux --target=arm-angstrom-linux-gnueabi --prefix=/usr/local/openmoko/arm --exec_prefix=/usr/local/openmoko/arm --bindir=/usr/local/openmoko/arm/bin --sbindir=/usr/local/openmoko/arm/bin --libexecdir=/usr/local/openmoko/arm/libexec --datadir=/usr/local/openmoko/arm/share --sysconfdir=/usr/local/openmoko/arm/etc --sharedstatedir=/usr/local/openmoko/arm/share/com --localstatedir=/usr/local/openmoko/arm/var --libdir=/usr/local/openmoko/arm/lib --includedir=/usr/local/openmoko/arm/include --oldincludedir=/usr/local/openmoko/arm/include --infodir=/usr/local/openmoko/arm/share/info --mandir=/usr/local/openmoko/arm/share/man --enable-mainainer-mode --with-gnu-ld --enable-shared --enable-target-optspace --enable-languages=c,c++ --enable-threads=posix --enable-multilib --enable-c99 --enable-long-long --enable-symvers=gnu --enable-libstdcxx-pch --program-prefix=arm-angstrom-linux-gnueabi- --disable-libssp --disable-libmudflap --with-float=soft --with-local-prefix=/space/fic/openmoko-daily/neo1973/staging/arm-angstrom-linux-gnueabi/usr --with-gxx-include-dir=/space/fic/openmoko-daily/neo1973/staging/arm-angstrom-linux-gnueabi//usr/include/c++ --with-sysroot=/usr/local/openmoko/arm/arm-angstrom-linux-gnueabi --with-build-sysroot=/space/fic/openmoko-daily/neo1973/staging/arm-angstrom-linux-gnueabi --disable-libunwind-exceptions --with-mpfr=/space/fic/openmoko-daily/neo1973/staging/i686-linux/usr --enable-__cxa_atexit
Thread model: posix
gcc version 4.1.2
configure:2854: $? = 0
configure:2861: ccache arm-angstrom-linux-gnueabi-gcc -march=armv4t -mtune=arm920t -V >&5
arm-angstrom-linux-gnueabi-gcc: '-V' must come at the start of the command line
configure:2864: $? = 1
configure:2887: checking for C compiler default output file name
configure:2914: ccache arm-angstrom-linux-gnueabi-gcc -march=armv4t -mtune=arm920t -isystem/usr/local/openmoko/arm/arm-angstrom-linux-gnueabi/include -fexpensive-optimizations -fomit-frame-pointer -frename-registers -Os -isystem/usr/local/openmoko/arm/arm-angstrom-linux-gnueabi/include -L/usr/local/openmoko/arm/arm-angstrom-linux-gnueabi/lib -Wl,-rpath-link,/usr/local/openmoko/arm/arm-angstrom-linux-gnueabi/lib -Wl,-O1 conftest.c  >&5
configure:2917: $? = 0
configure:2955: result: a.out
configure:2972: checking whether the C compiler works
configure:2982: ./a.out
./configure: line 2983: ./a.out: cannot execute binary file
configure:2985: $? = 126
configure:3002: result: yes
configure:3009: checking whether we are cross compiling
configure:3011: result: yes
configure:3014: checking for suffix of executables
configure:3021: ccache arm-angstrom-linux-gnueabi-gcc -march=armv4t -mtune=arm920t -o conftest -isystem/usr/local/openmoko/arm/arm-angstrom-linux-gnueabi/include -fexpensive-optimizations -fomit-frame-pointer -frename-registers -Os -isystem/usr/local/openmoko/arm/arm-angstrom-linux-gnueabi/include -L/usr/local/openmoko/arm/arm-angstrom-linux-gnueabi/lib -Wl,-rpath-link,/usr/local/openmoko/arm/arm-angstrom-linux-gnueabi/lib -Wl,-O1 conftest.c  >&5
configure:3024: $? = 0
configure:3048: result: 
configure:3054: checking for suffix of object files
configure:3080: ccache arm-angstrom-linux-gnueabi-gcc -march=armv4t -mtune=arm920t -c -isystem/usr/local/openmoko/arm/arm-angstrom-linux-gnueabi/include -fexpensive-optimizations -fomit-frame-pointer -frename-registers -Os -isystem/usr/local/openmoko/arm/arm-angstrom-linux-gnueabi/include conftest.c >&5
configure:3083: $? = 0
configure:3106: result: o
configure:3110: checking whether we are using the GNU C compiler
configure:3139: ccache arm-angstrom-linux-gnueabi-gcc -march=armv4t -mtune=arm920t -c -isystem/usr/local/openmoko/arm/arm-angstrom-linux-gnueabi/include -fexpensive-optimizations -fomit-frame-pointer -frename-registers -Os -isystem/usr/local/openmoko/arm/arm-angstrom-linux-gnueabi/include conftest.c >&5
configure:3145: $? = 0
configure:3162: result: yes
configure:3167: checking whether ccache arm-angstrom-linux-gnueabi-gcc -march=armv4t -mtune=arm920t accepts -g
configure:3197: ccache arm-angstrom-linux-gnueabi-gcc -march=armv4t -mtune=arm920t -c -g -isystem/usr/local/openmoko/arm/arm-angstrom-linux-gnueabi/include conftest.c >&5
configure:3203: $? = 0
configure:3302: result: yes
configure:3319: checking for ccache arm-angstrom-linux-gnueabi-gcc -march=armv4t -mtune=arm920t option to accept ISO C89
configure:3393: ccache arm-angstrom-linux-gnueabi-gcc -march=armv4t -mtune=arm920t  -c -isystem/usr/local/openmoko/arm/arm-angstrom-linux-gnueabi/include -fexpensive-optimizations -fomit-frame-pointer -frename-registers -Os -isystem/usr/local/openmoko/arm/arm-angstrom-linux-gnueabi/include conftest.c >&5
configure:3399: $? = 0
configure:3422: result: none needed
configure:3442: checking dependency style of ccache arm-angstrom-linux-gnueabi-gcc -march=armv4t -mtune=arm920t
configure:3533: result: gcc3
configure:3549: checking for library containing strerror
configure:3590: ccache arm-angstrom-linux-gnueabi-gcc -march=armv4t -mtune=arm920t -o conftest -isystem/usr/local/openmoko/arm/arm-angstrom-linux-gnueabi/include -fexpensive-optimizations -fomit-frame-pointer -frename-registers -Os -isystem/usr/local/openmoko/arm/arm-angstrom-linux-gnueabi/include -L/usr/local/openmoko/arm/arm-angstrom-linux-gnueabi/lib -Wl,-rpath-link,/usr/local/openmoko/arm/arm-angstrom-linux-gnueabi/lib -Wl,-O1 conftest.c  >&5
configure:3596: $? = 0
configure:3624: result: none required
configure:3640: checking for arm-angstrom-linux-gnueabi-gcc
configure:3667: result: ccache arm-angstrom-linux-gnueabi-gcc -march=armv4t -mtune=arm920t
configure:3945: checking for C compiler version
configure:3952: ccache arm-angstrom-linux-gnueabi-gcc -march=armv4t -mtune=arm920t --version >&5
arm-angstrom-linux-gnueabi-gcc (GCC) 4.1.2
Copyright (C) 2006 Free Software Foundation, Inc.
This is free software; see the source for copying conditions.  There is NO
warranty; not even for MERCHANTABILITY or FITNESS FOR A PARTICULAR PURPOSE.

configure:3955: $? = 0
configure:3962: ccache arm-angstrom-linux-gnueabi-gcc -march=armv4t -mtune=arm920t -v >&5
Using built-in specs.
Target: arm-angstrom-linux-gnueabi
Configured with: /space/fic/openmoko-daily/neo1973/work/i686-armv4t-sdk-angstrom-linux-gnueabi/gcc-cross-sdk-4.1.2-r6/gcc-4.1.2/configure --build=i686-linux --host=i686-linux --target=arm-angstrom-linux-gnueabi --prefix=/usr/local/openmoko/arm --exec_prefix=/usr/local/openmoko/arm --bindir=/usr/local/openmoko/arm/bin --sbindir=/usr/local/openmoko/arm/bin --libexecdir=/usr/local/openmoko/arm/libexec --datadir=/usr/local/openmoko/arm/share --sysconfdir=/usr/local/openmoko/arm/etc --sharedstatedir=/usr/local/openmoko/arm/share/com --localstatedir=/usr/local/openmoko/arm/var --libdir=/usr/local/openmoko/arm/lib --includedir=/usr/local/openmoko/arm/include --oldincludedir=/usr/local/openmoko/arm/include --infodir=/usr/local/openmoko/arm/share/info --mandir=/usr/local/openmoko/arm/share/man --enable-mainainer-mode --with-gnu-ld --enable-shared --enable-target-optspace --enable-languages=c,c++ --enable-threads=posix --enable-multilib --enable-c99 --enable-long-long --enable-symvers=gnu --enable-libstdcxx-pch --program-prefix=arm-angstrom-linux-gnueabi- --disable-libssp --disable-libmudflap --with-float=soft --with-local-prefix=/space/fic/openmoko-daily/neo1973/staging/arm-angstrom-linux-gnueabi/usr --with-gxx-include-dir=/space/fic/openmoko-daily/neo1973/staging/arm-angstrom-linux-gnueabi//usr/include/c++ --with-sysroot=/usr/local/openmoko/arm/arm-angstrom-linux-gnueabi --with-build-sysroot=/space/fic/openmoko-daily/neo1973/staging/arm-angstrom-linux-gnueabi --disable-libunwind-exceptions --with-mpfr=/space/fic/openmoko-daily/neo1973/staging/i686-linux/usr --enable-__cxa_atexit : (reconfigured) /space/fic/openmoko-daily/neo1973/work/i686-armv4t-sdk-angstrom-linux-gnueabi/gcc-cross-sdk-4.1.2-r6/gcc-4.1.2/configure --build=i686-linux --host=i686-linux --target=arm-angstrom-linux-gnueabi --prefix=/usr/local/openmoko/arm --exec_prefix=/usr/local/openmoko/arm --bindir=/usr/local/openmoko/arm/bin --sbindir=/usr/local/openmoko/arm/bin --libexecdir=/usr/local/openmoko/arm/libexec --datadir=/usr/local/openmoko/arm/share --sysconfdir=/usr/local/openmoko/arm/etc --sharedstatedir=/usr/local/openmoko/arm/share/com --localstatedir=/usr/local/openmoko/arm/var --libdir=/usr/local/openmoko/arm/lib --includedir=/usr/local/openmoko/arm/include --oldincludedir=/usr/local/openmoko/arm/include --infodir=/usr/local/openmoko/arm/share/info --mandir=/usr/local/openmoko/arm/share/man --enable-mainainer-mode --with-gnu-ld --enable-shared --enable-target-optspace --enable-languages=c,c++ --enable-threads=posix --enable-multilib --enable-c99 --enable-long-long --enable-symvers=gnu --enable-libstdcxx-pch --program-prefix=arm-angstrom-linux-gnueabi- --disable-libssp --disable-libmudflap --with-float=soft --with-local-prefix=/space/fic/openmoko-daily/neo1973/staging/arm-angstrom-linux-gnueabi/usr --with-gxx-include-dir=/space/fic/openmoko-daily/neo1973/staging/arm-angstrom-linux-gnueabi//usr/include/c++ --with-sysroot=/usr/local/openmoko/arm/arm-angstrom-linux-gnueabi --with-build-sysroot=/space/fic/openmoko-daily/neo1973/staging/arm-angstrom-linux-gnueabi --disable-libunwind-exceptions --with-mpfr=/space/fic/openmoko-daily/neo1973/staging/i686-linux/usr --enable-__cxa_atexit
Thread model: posix
gcc version 4.1.2
configure:3965: $? = 0
configure:3972: ccache arm-angstrom-linux-gnueabi-gcc -march=armv4t -mtune=arm920t -V >&5
arm-angstrom-linux-gnueabi-gcc: '-V' must come at the start of the command line
configure:3975: $? = 1
configure:3978: checking whether we are using the GNU C compiler
configure:4030: result: yes
configure:4035: checking whether ccache arm-angstrom-linux-gnueabi-gcc -march=armv4t -mtune=arm920t accepts -g
configure:4170: result: yes
configure:4187: checking for ccache arm-angstrom-linux-gnueabi-gcc -march=armv4t -mtune=arm920t option to accept ISO C89
configure:4290: result: none needed
configure:4310: checking dependency style of ccache arm-angstrom-linux-gnueabi-gcc -march=armv4t -mtune=arm920t
configure:4401: result: gcc3
configure:4418: checking for ccache arm-angstrom-linux-gnueabi-gcc -march=armv4t -mtune=arm920t option to accept ISO C99
configure:4577: ccache arm-angstrom-linux-gnueabi-gcc -march=armv4t -mtune=arm920t  -c -isystem/usr/local/openmoko/arm/arm-angstrom-linux-gnueabi/include -fexpensive-optimizations -fomit-frame-pointer -frename-registers -Os -isystem/usr/local/openmoko/arm/arm-angstrom-linux-gnueabi/include conftest.c >&5
conftest.c:60: error: expected ';', ',' or ')' before 'text'
conftest.c: In function 'main':
conftest.c:114: error: expected '=', ',', ';', 'asm' or '__attribute__' before 'newvar'
conftest.c:114: error: 'newvar' undeclared (first use in this function)
conftest.c:114: error: (Each undeclared identifier is reported only once
conftest.c:114: error: for each function it appears in.)
conftest.c:124: error: 'for' loop initial declaration used outside C99 mode
configure:4583: $? = 1
configure: failed program was:
| /* confdefs.h.  */
| #define PACKAGE_NAME "remokoserver"
| #define PACKAGE_TARNAME "remokoserver"
| #define PACKAGE_VERSION "0.2.1"
| #define PACKAGE_STRING "remokoserver 0.2.1"
| #define PACKAGE_BUGREPORT "http://code.google.com/p/remoko"
| #define PACKAGE "remokoserver"
| #define VERSION "0.2.1"
| /* end confdefs.h.  */
| #include <stdarg.h>
| #include <stdbool.h>
| #include <stdlib.h>
| #include <wchar.h>
| #include <stdio.h>
| 
| // Check varargs macros.  These examples are taken from C99 6.10.3.5.
| #define debug(...) fprintf (stderr, __VA_ARGS__)
| #define showlist(...) puts (#__VA_ARGS__)
| #define report(test,...) ((test) ? puts (#test) : printf (__VA_ARGS__))
| static void
| test_varargs_macros (void)
| {
|   int x = 1234;
|   int y = 5678;
|   debug ("Flag");
|   debug ("X = %d\n", x);
|   showlist (The first, second, and third items.);
|   report (x>y, "x is %d but y is %d", x, y);
| }
| 
| // Check long long types.
| #define BIG64 18446744073709551615ull
| #define BIG32 4294967295ul
| #define BIG_OK (BIG64 / BIG32 == 4294967297ull && BIG64 % BIG32 == 0)
| #if !BIG_OK
|   your preprocessor is broken;
| #endif
| #if BIG_OK
| #else
|   your preprocessor is broken;
| #endif
| static long long int bignum = -9223372036854775807LL;
| static unsigned long long int ubignum = BIG64;
| 
| struct incomplete_array
| {
|   int datasize;
|   double data[];
| };
| 
| struct named_init {
|   int number;
|   const wchar_t *name;
|   double average;
| };
| 
| typedef const char *ccp;
| 
| static inline int
| test_restrict (ccp restrict text)
| {
|   // See if C++-style comments work.
|   // Iterate through items via the restricted pointer.
|   // Also check for declarations in for loops.
|   for (unsigned int i = 0; *(text+i) != '\0'; ++i)
|     continue;
|   return 0;
| }
| 
| // Check varargs and va_copy.
| static void
| test_varargs (const char *format, ...)
| {
|   va_list args;
|   va_start (args, format);
|   va_list args_copy;
|   va_copy (args_copy, args);
| 
|   const char *str;
|   int number;
|   float fnumber;
| 
|   while (*format)
|     {
|       switch (*format++)
| 	{
| 	case 's': // string
| 	  str = va_arg (args_copy, const char *);
| 	  break;
| 	case 'd': // int
| 	  number = va_arg (args_copy, int);
| 	  break;
| 	case 'f': // float
| 	  fnumber = va_arg (args_copy, double);
| 	  break;
| 	default:
| 	  break;
| 	}
|     }
|   va_end (args_copy);
|   va_end (args);
| }
| 
| int
| main ()
| {
| 
|   // Check bool.
|   _Bool success = false;
| 
|   // Check restrict.
|   if (test_restrict ("String literal") == 0)
|     success = true;
|   char *restrict newvar = "Another string";
| 
|   // Check varargs.
|   test_varargs ("s, d' f .", "string", 65, 34.234);
|   test_varargs_macros ();
| 
|   // Check flexible array members.
|   struct incomplete_array *ia =
|     malloc (sizeof (struct incomplete_array) + (sizeof (double) * 10));
|   ia->datasize = 10;
|   for (int i = 0; i < ia->datasize; ++i)
|     ia->data[i] = i * 1.234;
| 
|   // Check named initializers.
|   struct named_init ni = {
|     .number = 34,
|     .name = L"Test wide string",
|     .average = 543.34343,
|   };
| 
|   ni.number = 58;
| 
|   int dynamic_array[ni.number];
|   dynamic_array[ni.number - 1] = 543;
| 
|   // work around unused variable warnings
|   return (!success || bignum == 0LL || ubignum == 0uLL || newvar[0] == 'x'
| 	  || dynamic_array[ni.number - 1] != 543);
| 
|   ;
|   return 0;
| }
configure:4577: ccache arm-angstrom-linux-gnueabi-gcc -march=armv4t -mtune=arm920t -std=gnu99 -c -isystem/usr/local/openmoko/arm/arm-angstrom-linux-gnueabi/include -fexpensive-optimizations -fomit-frame-pointer -frename-registers -Os -isystem/usr/local/openmoko/arm/arm-angstrom-linux-gnueabi/include conftest.c >&5
configure:4583: $? = 0
configure:4613: result: -std=gnu99
configure:4743: checking for ccache arm-angstrom-linux-gnueabi-gcc -march=armv4t -mtune=arm920t -std=gnu99 option to accept ISO Standard C
configure:4754: result: -std=gnu99
configure:4764: checking how to run the C preprocessor
configure:4880: result: arm-angstrom-linux-gnueabi-gcc -E
configure:4909: arm-angstrom-linux-gnueabi-gcc -E -isystem/usr/local/openmoko/arm/arm-angstrom-linux-gnueabi/include conftest.c
configure:4915: $? = 0
configure:4946: arm-angstrom-linux-gnueabi-gcc -E -isystem/usr/local/openmoko/arm/arm-angstrom-linux-gnueabi/include conftest.c
conftest.c:10:28: error: ac_nonexistent.h: No such file or directory
configure:4952: $? = 1
configure: failed program was:
| /* confdefs.h.  */
| #define PACKAGE_NAME "remokoserver"
| #define PACKAGE_TARNAME "remokoserver"
| #define PACKAGE_VERSION "0.2.1"
| #define PACKAGE_STRING "remokoserver 0.2.1"
| #define PACKAGE_BUGREPORT "http://code.google.com/p/remoko"
| #define PACKAGE "remokoserver"
| #define VERSION "0.2.1"
| /* end confdefs.h.  */
| #include <ac_nonexistent.h>
configure:4990: checking for grep that handles long lines and -e
configure:5064: result: /bin/grep
configure:5069: checking for egrep
configure:5147: result: /bin/grep -E
configure:5152: checking for ANSI C header files
configure:5182: ccache arm-angstrom-linux-gnueabi-gcc -march=armv4t -mtune=arm920t -std=gnu99 -c -isystem/usr/local/openmoko/arm/arm-angstrom-linux-gnueabi/include -fexpensive-optimizations -fomit-frame-pointer -frename-registers -Os -isystem/usr/local/openmoko/arm/arm-angstrom-linux-gnueabi/include conftest.c >&5
configure:5188: $? = 0
configure:5316: result: yes
configure:5404: checking build system type
configure:5422: result: i686-pc-linux-gnu
configure:5444: checking host system type
configure:5459: result: arm-angstrom-linux-gnueabi
configure:5481: checking for a sed that does not truncate output
configure:5537: result: /bin/sed
configure:5551: checking for ld used by ccache arm-angstrom-linux-gnueabi-gcc -march=armv4t -mtune=arm920t -std=gnu99
configure:5618: result: arm-angstrom-linux-gnueabi-ld
configure:5627: checking if the linker (arm-angstrom-linux-gnueabi-ld) is GNU ld
configure:5642: result: yes
configure:5647: checking for arm-angstrom-linux-gnueabi-ld option to reload object files
configure:5654: result: -r
configure:5672: checking for BSD-compatible nm
configure:5721: result: /usr/local/openmoko/arm/bin/arm-angstrom-linux-gnueabi-nm -B
configure:5725: checking whether ln -s works
configure:5729: result: yes
configure:5736: checking how to recognize dependent libraries
configure:5922: result: pass_all
configure:6171: checking for sys/types.h
configure:6192: ccache arm-angstrom-linux-gnueabi-gcc -march=armv4t -mtune=arm920t -std=gnu99 -c -isystem/usr/local/openmoko/arm/arm-angstrom-linux-gnueabi/include -fexpensive-optimizations -fomit-frame-pointer -frename-registers -Os -isystem/usr/local/openmoko/arm/arm-angstrom-linux-gnueabi/include conftest.c >&5
configure:6198: $? = 0
configure:6214: result: yes
configure:6171: checking for sys/stat.h
configure:6192: ccache arm-angstrom-linux-gnueabi-gcc -march=armv4t -mtune=arm920t -std=gnu99 -c -isystem/usr/local/openmoko/arm/arm-angstrom-linux-gnueabi/include -fexpensive-optimizations -fomit-frame-pointer -frename-registers -Os -isystem/usr/local/openmoko/arm/arm-angstrom-linux-gnueabi/include conftest.c >&5
configure:6198: $? = 0
configure:6214: result: yes
configure:6171: checking for stdlib.h
configure:6192: ccache arm-angstrom-linux-gnueabi-gcc -march=armv4t -mtune=arm920t -std=gnu99 -c -isystem/usr/local/openmoko/arm/arm-angstrom-linux-gnueabi/include -fexpensive-optimizations -fomit-frame-pointer -frename-registers -Os -isystem/usr/local/openmoko/arm/arm-angstrom-linux-gnueabi/include conftest.c >&5
configure:6198: $? = 0
configure:6214: result: yes
configure:6171: checking for string.h
configure:6192: ccache arm-angstrom-linux-gnueabi-gcc -march=armv4t -mtune=arm920t -std=gnu99 -c -isystem/usr/local/openmoko/arm/arm-angstrom-linux-gnueabi/include -fexpensive-optimizations -fomit-frame-pointer -frename-registers -Os -isystem/usr/local/openmoko/arm/arm-angstrom-linux-gnueabi/include conftest.c >&5
configure:6198: $? = 0
configure:6214: result: yes
configure:6171: checking for memory.h
configure:6192: ccache arm-angstrom-linux-gnueabi-gcc -march=armv4t -mtune=arm920t -std=gnu99 -c -isystem/usr/local/openmoko/arm/arm-angstrom-linux-gnueabi/include -fexpensive-optimizations -fomit-frame-pointer -frename-registers -Os -isystem/usr/local/openmoko/arm/arm-angstrom-linux-gnueabi/include conftest.c >&5
configure:6198: $? = 0
configure:6214: result: yes
configure:6171: checking for strings.h
configure:6192: ccache arm-angstrom-linux-gnueabi-gcc -march=armv4t -mtune=arm920t -std=gnu99 -c -isystem/usr/local/openmoko/arm/arm-angstrom-linux-gnueabi/include -fexpensive-optimizations -fomit-frame-pointer -frename-registers -Os -isystem/usr/local/openmoko/arm/arm-angstrom-linux-gnueabi/include conftest.c >&5
configure:6198: $? = 0
configure:6214: result: yes
configure:6171: checking for inttypes.h
configure:6192: ccache arm-angstrom-linux-gnueabi-gcc -march=armv4t -mtune=arm920t -std=gnu99 -c -isystem/usr/local/openmoko/arm/arm-angstrom-linux-gnueabi/include -fexpensive-optimizations -fomit-frame-pointer -frename-registers -Os -isystem/usr/local/openmoko/arm/arm-angstrom-linux-gnueabi/include conftest.c >&5
configure:6198: $? = 0
configure:6214: result: yes
configure:6171: checking for stdint.h
configure:6192: ccache arm-angstrom-linux-gnueabi-gcc -march=armv4t -mtune=arm920t -std=gnu99 -c -isystem/usr/local/openmoko/arm/arm-angstrom-linux-gnueabi/include -fexpensive-optimizations -fomit-frame-pointer -frename-registers -Os -isystem/usr/local/openmoko/arm/arm-angstrom-linux-gnueabi/include conftest.c >&5
configure:6198: $? = 0
configure:6214: result: yes
configure:6171: checking for unistd.h
configure:6192: ccache arm-angstrom-linux-gnueabi-gcc -march=armv4t -mtune=arm920t -std=gnu99 -c -isystem/usr/local/openmoko/arm/arm-angstrom-linux-gnueabi/include -fexpensive-optimizations -fomit-frame-pointer -frename-registers -Os -isystem/usr/local/openmoko/arm/arm-angstrom-linux-gnueabi/include conftest.c >&5
configure:6198: $? = 0
configure:6214: result: yes
configure:6241: checking dlfcn.h usability
configure:6258: ccache arm-angstrom-linux-gnueabi-gcc -march=armv4t -mtune=arm920t -std=gnu99 -c -isystem/usr/local/openmoko/arm/arm-angstrom-linux-gnueabi/include -fexpensive-optimizations -fomit-frame-pointer -frename-registers -Os -isystem/usr/local/openmoko/arm/arm-angstrom-linux-gnueabi/include conftest.c >&5
configure:6264: $? = 0
configure:6278: result: yes
configure:6282: checking dlfcn.h presence
configure:6297: arm-angstrom-linux-gnueabi-gcc -E -isystem/usr/local/openmoko/arm/arm-angstrom-linux-gnueabi/include conftest.c
configure:6303: $? = 0
configure:6317: result: yes
configure:6350: checking for dlfcn.h
configure:6358: result: yes
configure:6487: checking for C++ compiler version
configure:6494: ccache arm-angstrom-linux-gnueabi-g++ -march=armv4t -mtune=arm920t --version >&5
arm-angstrom-linux-gnueabi-g++ (GCC) 4.1.2
Copyright (C) 2006 Free Software Foundation, Inc.
This is free software; see the source for copying conditions.  There is NO
warranty; not even for MERCHANTABILITY or FITNESS FOR A PARTICULAR PURPOSE.

configure:6497: $? = 0
configure:6504: ccache arm-angstrom-linux-gnueabi-g++ -march=armv4t -mtune=arm920t -v >&5
Using built-in specs.
Target: arm-angstrom-linux-gnueabi
Configured with: /space/fic/openmoko-daily/neo1973/work/i686-armv4t-sdk-angstrom-linux-gnueabi/gcc-cross-sdk-4.1.2-r6/gcc-4.1.2/configure --build=i686-linux --host=i686-linux --target=arm-angstrom-linux-gnueabi --prefix=/usr/local/openmoko/arm --exec_prefix=/usr/local/openmoko/arm --bindir=/usr/local/openmoko/arm/bin --sbindir=/usr/local/openmoko/arm/bin --libexecdir=/usr/local/openmoko/arm/libexec --datadir=/usr/local/openmoko/arm/share --sysconfdir=/usr/local/openmoko/arm/etc --sharedstatedir=/usr/local/openmoko/arm/share/com --localstatedir=/usr/local/openmoko/arm/var --libdir=/usr/local/openmoko/arm/lib --includedir=/usr/local/openmoko/arm/include --oldincludedir=/usr/local/openmoko/arm/include --infodir=/usr/local/openmoko/arm/share/info --mandir=/usr/local/openmoko/arm/share/man --enable-mainainer-mode --with-gnu-ld --enable-shared --enable-target-optspace --enable-languages=c,c++ --enable-threads=posix --enable-multilib --enable-c99 --enable-long-long --enable-symvers=gnu --enable-libstdcxx-pch --program-prefix=arm-angstrom-linux-gnueabi- --disable-libssp --disable-libmudflap --with-float=soft --with-local-prefix=/space/fic/openmoko-daily/neo1973/staging/arm-angstrom-linux-gnueabi/usr --with-gxx-include-dir=/space/fic/openmoko-daily/neo1973/staging/arm-angstrom-linux-gnueabi//usr/include/c++ --with-sysroot=/usr/local/openmoko/arm/arm-angstrom-linux-gnueabi --with-build-sysroot=/space/fic/openmoko-daily/neo1973/staging/arm-angstrom-linux-gnueabi --disable-libunwind-exceptions --with-mpfr=/space/fic/openmoko-daily/neo1973/staging/i686-linux/usr --enable-__cxa_atexit : (reconfigured) /space/fic/openmoko-daily/neo1973/work/i686-armv4t-sdk-angstrom-linux-gnueabi/gcc-cross-sdk-4.1.2-r6/gcc-4.1.2/configure --build=i686-linux --host=i686-linux --target=arm-angstrom-linux-gnueabi --prefix=/usr/local/openmoko/arm --exec_prefix=/usr/local/openmoko/arm --bindir=/usr/local/openmoko/arm/bin --sbindir=/usr/local/openmoko/arm/bin --libexecdir=/usr/local/openmoko/arm/libexec --datadir=/usr/local/openmoko/arm/share --sysconfdir=/usr/local/openmoko/arm/etc --sharedstatedir=/usr/local/openmoko/arm/share/com --localstatedir=/usr/local/openmoko/arm/var --libdir=/usr/local/openmoko/arm/lib --includedir=/usr/local/openmoko/arm/include --oldincludedir=/usr/local/openmoko/arm/include --infodir=/usr/local/openmoko/arm/share/info --mandir=/usr/local/openmoko/arm/share/man --enable-mainainer-mode --with-gnu-ld --enable-shared --enable-target-optspace --enable-languages=c,c++ --enable-threads=posix --enable-multilib --enable-c99 --enable-long-long --enable-symvers=gnu --enable-libstdcxx-pch --program-prefix=arm-angstrom-linux-gnueabi- --disable-libssp --disable-libmudflap --with-float=soft --with-local-prefix=/space/fic/openmoko-daily/neo1973/staging/arm-angstrom-linux-gnueabi/usr --with-gxx-include-dir=/space/fic/openmoko-daily/neo1973/staging/arm-angstrom-linux-gnueabi//usr/include/c++ --with-sysroot=/usr/local/openmoko/arm/arm-angstrom-linux-gnueabi --with-build-sysroot=/space/fic/openmoko-daily/neo1973/staging/arm-angstrom-linux-gnueabi --disable-libunwind-exceptions --with-mpfr=/space/fic/openmoko-daily/neo1973/staging/i686-linux/usr --enable-__cxa_atexit
Thread model: posix
gcc version 4.1.2
configure:6507: $? = 0
configure:6514: ccache arm-angstrom-linux-gnueabi-g++ -march=armv4t -mtune=arm920t -V >&5
arm-angstrom-linux-gnueabi-g++: argument to '-V' missing

configure:6517: $? = 1
configure:6520: checking whether we are using the GNU C++ compiler
configure:6549: ccache arm-angstrom-linux-gnueabi-g++ -march=armv4t -mtune=arm920t -c -isystem/usr/local/openmoko/arm/arm-angstrom-linux-gnueabi/include -fexpensive-optimizations -fomit-frame-pointer -frename-registers -Os -fpermissive -fvisibility-inlines-hidden -isystem/usr/local/openmoko/arm/arm-angstrom-linux-gnueabi/include conftest.cpp >&5
configure:6555: $? = 0
configure:6572: result: yes
configure:6577: checking whether ccache arm-angstrom-linux-gnueabi-g++ -march=armv4t -mtune=arm920t accepts -g
configure:6607: ccache arm-angstrom-linux-gnueabi-g++ -march=armv4t -mtune=arm920t -c -g -isystem/usr/local/openmoko/arm/arm-angstrom-linux-gnueabi/include conftest.cpp >&5
configure:6613: $? = 0
configure:6712: result: yes
configure:6737: checking dependency style of ccache arm-angstrom-linux-gnueabi-g++ -march=armv4t -mtune=arm920t
configure:6828: result: gcc3
configure:6853: checking how to run the C++ preprocessor
configure:6889: ccache arm-angstrom-linux-gnueabi-g++ -march=armv4t -mtune=arm920t -E -isystem/usr/local/openmoko/arm/arm-angstrom-linux-gnueabi/include conftest.cpp
configure:6895: $? = 0
configure:6926: ccache arm-angstrom-linux-gnueabi-g++ -march=armv4t -mtune=arm920t -E -isystem/usr/local/openmoko/arm/arm-angstrom-linux-gnueabi/include conftest.cpp
conftest.cpp:21:28: error: ac_nonexistent.h: No such file or directory
configure:6932: $? = 1
configure: failed program was:
| /* confdefs.h.  */
| #define PACKAGE_NAME "remokoserver"
| #define PACKAGE_TARNAME "remokoserver"
| #define PACKAGE_VERSION "0.2.1"
| #define PACKAGE_STRING "remokoserver 0.2.1"
| #define PACKAGE_BUGREPORT "http://code.google.com/p/remoko"
| #define PACKAGE "remokoserver"
| #define VERSION "0.2.1"
| #define STDC_HEADERS 1
| #define HAVE_SYS_TYPES_H 1
| #define HAVE_SYS_STAT_H 1
| #define HAVE_STDLIB_H 1
| #define HAVE_STRING_H 1
| #define HAVE_MEMORY_H 1
| #define HAVE_STRINGS_H 1
| #define HAVE_INTTYPES_H 1
| #define HAVE_STDINT_H 1
| #define HAVE_UNISTD_H 1
| #define HAVE_DLFCN_H 1
| /* end confdefs.h.  */
| #include <ac_nonexistent.h>
configure:6965: result: ccache arm-angstrom-linux-gnueabi-g++ -march=armv4t -mtune=arm920t -E
configure:6994: ccache arm-angstrom-linux-gnueabi-g++ -march=armv4t -mtune=arm920t -E -isystem/usr/local/openmoko/arm/arm-angstrom-linux-gnueabi/include conftest.cpp
configure:7000: $? = 0
configure:7031: ccache arm-angstrom-linux-gnueabi-g++ -march=armv4t -mtune=arm920t -E -isystem/usr/local/openmoko/arm/arm-angstrom-linux-gnueabi/include conftest.cpp
conftest.cpp:21:28: error: ac_nonexistent.h: No such file or directory
configure:7037: $? = 1
configure: failed program was:
| /* confdefs.h.  */
| #define PACKAGE_NAME "remokoserver"
| #define PACKAGE_TARNAME "remokoserver"
| #define PACKAGE_VERSION "0.2.1"
| #define PACKAGE_STRING "remokoserver 0.2.1"
| #define PACKAGE_BUGREPORT "http://code.google.com/p/remoko"
| #define PACKAGE "remokoserver"
| #define VERSION "0.2.1"
| #define STDC_HEADERS 1
| #define HAVE_SYS_TYPES_H 1
| #define HAVE_SYS_STAT_H 1
| #define HAVE_STDLIB_H 1
| #define HAVE_STRING_H 1
| #define HAVE_MEMORY_H 1
| #define HAVE_STRINGS_H 1
| #define HAVE_INTTYPES_H 1
| #define HAVE_STDINT_H 1
| #define HAVE_UNISTD_H 1
| #define HAVE_DLFCN_H 1
| /* end confdefs.h.  */
| #include <ac_nonexistent.h>
configure:7086: checking for arm-angstrom-linux-gnueabi-g77
configure:7113: result: ccache arm-angstrom-linux-gnueabi-g77 -march=armv4t -mtune=arm920t
configure:7187: checking for Fortran 77 compiler version
configure:7194: ccache arm-angstrom-linux-gnueabi-g77 -march=armv4t -mtune=arm920t --version >&5
arm-angstrom-linux-gnueabi-g77: No such file or directory
configure:7197: $? = 1
configure:7204: ccache arm-angstrom-linux-gnueabi-g77 -march=armv4t -mtune=arm920t -v >&5
arm-angstrom-linux-gnueabi-g77: No such file or directory
configure:7207: $? = 1
configure:7214: ccache arm-angstrom-linux-gnueabi-g77 -march=armv4t -mtune=arm920t -V >&5
arm-angstrom-linux-gnueabi-g77: No such file or directory
configure:7217: $? = 1
configure:7225: checking whether we are using the GNU Fortran 77 compiler
configure:7244: ccache arm-angstrom-linux-gnueabi-g77 -march=armv4t -mtune=arm920t -c  conftest.F >&5
arm-angstrom-linux-gnueabi-g77: No such file or directory
configure:7250: $? = 1
configure: failed program was:
|       program main
| #ifndef __GNUC__
|        choke me
| #endif
| 
|       end
configure:7267: result: no
configure:7273: checking whether ccache arm-angstrom-linux-gnueabi-g77 -march=armv4t -mtune=arm920t accepts -g
configure:7290: ccache arm-angstrom-linux-gnueabi-g77 -march=armv4t -mtune=arm920t -c -g conftest.f >&5
arm-angstrom-linux-gnueabi-g77: No such file or directory
configure:7296: $? = 1
configure: failed program was:
|       program main
| 
|       end
configure:7312: result: no
configure:7342: checking the maximum length of command line arguments
configure:7454: result: 98304
configure:7466: checking command to parse /usr/local/openmoko/arm/bin/arm-angstrom-linux-gnueabi-nm -B output from ccache arm-angstrom-linux-gnueabi-gcc -march=armv4t -mtune=arm920t -std=gnu99 object
configure:7571: ccache arm-angstrom-linux-gnueabi-gcc -march=armv4t -mtune=arm920t -std=gnu99 -c -isystem/usr/local/openmoko/arm/arm-angstrom-linux-gnueabi/include -fexpensive-optimizations -fomit-frame-pointer -frename-registers -Os -isystem/usr/local/openmoko/arm/arm-angstrom-linux-gnueabi/include conftest.c >&5
configure:7574: $? = 0
configure:7578: /usr/local/openmoko/arm/bin/arm-angstrom-linux-gnueabi-nm -B conftest.o \| sed -n -e 's/^.*[ 	]\([ABCDGIRSTW][ABCDGIRSTW]*\)[ 	][ 	]*\([_A-Za-z][_A-Za-z0-9]*\)$/\1 \2 \2/p' \> conftest.nm
configure:7581: $? = 0
configure:7633: ccache arm-angstrom-linux-gnueabi-gcc -march=armv4t -mtune=arm920t -std=gnu99 -o conftest -isystem/usr/local/openmoko/arm/arm-angstrom-linux-gnueabi/include -fexpensive-optimizations -fomit-frame-pointer -frename-registers -Os -isystem/usr/local/openmoko/arm/arm-angstrom-linux-gnueabi/include -L/usr/local/openmoko/arm/arm-angstrom-linux-gnueabi/lib -Wl,-rpath-link,/usr/local/openmoko/arm/arm-angstrom-linux-gnueabi/lib -Wl,-O1 conftest.c conftstm.o >&5
configure:7636: $? = 0
configure:7674: result: ok
configure:7678: checking for objdir
configure:7693: result: .libs
configure:7745: checking for arm-angstrom-linux-gnueabi-ar
configure:7772: result: arm-angstrom-linux-gnueabi-ar
configure:7841: checking for arm-angstrom-linux-gnueabi-ranlib
configure:7868: result: arm-angstrom-linux-gnueabi-ranlib
configure:7937: checking for arm-angstrom-linux-gnueabi-strip
configure:7964: result: arm-angstrom-linux-gnueabi-strip
configure:8290: checking if ccache arm-angstrom-linux-gnueabi-gcc -march=armv4t -mtune=arm920t -std=gnu99 supports -fno-rtti -fno-exceptions
configure:8308: ccache arm-angstrom-linux-gnueabi-gcc -march=armv4t -mtune=arm920t -std=gnu99 -c -isystem/usr/local/openmoko/arm/arm-angstrom-linux-gnueabi/include -fexpensive-optimizations -fomit-frame-pointer -frename-registers -Os -isystem/usr/local/openmoko/arm/arm-angstrom-linux-gnueabi/include -fno-rtti -fno-exceptions conftest.c >&5
cc1: warning: command line option "-fno-rtti" is valid for C++/ObjC++ but not for C
cc1: warning: command line option "-fno-rtti" is valid for C++/ObjC++ but not for C
configure:8312: $? = 0
configure:8325: result: no
configure:8340: checking for ccache arm-angstrom-linux-gnueabi-gcc -march=armv4t -mtune=arm920t -std=gnu99 option to produce PIC
configure:8572: result: -fPIC
configure:8580: checking if ccache arm-angstrom-linux-gnueabi-gcc -march=armv4t -mtune=arm920t -std=gnu99 PIC flag -fPIC works
configure:8598: ccache arm-angstrom-linux-gnueabi-gcc -march=armv4t -mtune=arm920t -std=gnu99 -c -isystem/usr/local/openmoko/arm/arm-angstrom-linux-gnueabi/include -fexpensive-optimizations -fomit-frame-pointer -frename-registers -Os -isystem/usr/local/openmoko/arm/arm-angstrom-linux-gnueabi/include -fPIC -DPIC conftest.c >&5
configure:8602: $? = 0
configure:8615: result: yes
configure:8643: checking if ccache arm-angstrom-linux-gnueabi-gcc -march=armv4t -mtune=arm920t -std=gnu99 static flag -static works
configure:8671: result: yes
configure:8681: checking if ccache arm-angstrom-linux-gnueabi-gcc -march=armv4t -mtune=arm920t -std=gnu99 supports -c -o file.o
configure:8702: ccache arm-angstrom-linux-gnueabi-gcc -march=armv4t -mtune=arm920t -std=gnu99 -c -isystem/usr/local/openmoko/arm/arm-angstrom-linux-gnueabi/include -fexpensive-optimizations -fomit-frame-pointer -frename-registers -Os -isystem/usr/local/openmoko/arm/arm-angstrom-linux-gnueabi/include -o out/conftest2.o conftest.c >&5
configure:8706: $? = 0
configure:8728: result: yes
configure:8754: checking whether the ccache arm-angstrom-linux-gnueabi-gcc -march=armv4t -mtune=arm920t -std=gnu99 linker (arm-angstrom-linux-gnueabi-ld) supports shared libraries
configure:9735: result: yes
configure:9756: checking whether -lc should be explicitly linked in
configure:9761: ccache arm-angstrom-linux-gnueabi-gcc -march=armv4t -mtune=arm920t -std=gnu99 -c -isystem/usr/local/openmoko/arm/arm-angstrom-linux-gnueabi/include -fexpensive-optimizations -fomit-frame-pointer -frename-registers -Os -isystem/usr/local/openmoko/arm/arm-angstrom-linux-gnueabi/include conftest.c >&5
configure:9764: $? = 0
configure:9779: ccache arm-angstrom-linux-gnueabi-gcc -march=armv4t -mtune=arm920t -std=gnu99 -shared conftest.o  -v -Wl,-soname -Wl,conftest -o conftest 2\>\&1 \| grep  -lc  \>/dev/null 2\>\&1
configure:9782: $? = 0
configure:9794: result: no
configure:9802: checking dynamic linker characteristics
configure:10416: result: GNU/Linux ld.so
configure:10425: checking how to hardcode library paths into programs
configure:10450: result: immediate
configure:10464: checking whether stripping libraries is possible
configure:10469: result: yes
configure:11271: checking if libtool supports shared libraries
configure:11273: result: yes
configure:11276: checking whether to build shared libraries
configure:11297: result: yes
configure:11300: checking whether to build static libraries
configure:11304: result: yes
configure:11397: creating libtool
configure:11985: checking for ld used by ccache arm-angstrom-linux-gnueabi-g++ -march=armv4t -mtune=arm920t
configure:12052: result: arm-angstrom-linux-gnueabi-ld
configure:12061: checking if the linker (arm-angstrom-linux-gnueabi-ld) is GNU ld
configure:12076: result: yes
configure:12127: checking whether the ccache arm-angstrom-linux-gnueabi-g++ -march=armv4t -mtune=arm920t linker (arm-angstrom-linux-gnueabi-ld) supports shared libraries
configure:13101: result: yes
configure:13119: ccache arm-angstrom-linux-gnueabi-g++ -march=armv4t -mtune=arm920t -c -isystem/usr/local/openmoko/arm/arm-angstrom-linux-gnueabi/include -fexpensive-optimizations -fomit-frame-pointer -frename-registers -Os -fpermissive -fvisibility-inlines-hidden -isystem/usr/local/openmoko/arm/arm-angstrom-linux-gnueabi/include conftest.cpp >&5
configure:13122: $? = 0
configure:13274: checking for ccache arm-angstrom-linux-gnueabi-g++ -march=armv4t -mtune=arm920t option to produce PIC
configure:13558: result: -fPIC
configure:13566: checking if ccache arm-angstrom-linux-gnueabi-g++ -march=armv4t -mtune=arm920t PIC flag -fPIC works
configure:13584: ccache arm-angstrom-linux-gnueabi-g++ -march=armv4t -mtune=arm920t -c -isystem/usr/local/openmoko/arm/arm-angstrom-linux-gnueabi/include -fexpensive-optimizations -fomit-frame-pointer -frename-registers -Os -fpermissive -fvisibility-inlines-hidden -isystem/usr/local/openmoko/arm/arm-angstrom-linux-gnueabi/include -fPIC -DPIC conftest.cpp >&5
configure:13588: $? = 0
configure:13601: result: yes
configure:13629: checking if ccache arm-angstrom-linux-gnueabi-g++ -march=armv4t -mtune=arm920t static flag -static works
configure:13657: result: yes
configure:13667: checking if ccache arm-angstrom-linux-gnueabi-g++ -march=armv4t -mtune=arm920t supports -c -o file.o
configure:13688: ccache arm-angstrom-linux-gnueabi-g++ -march=armv4t -mtune=arm920t -c -isystem/usr/local/openmoko/arm/arm-angstrom-linux-gnueabi/include -fexpensive-optimizations -fomit-frame-pointer -frename-registers -Os -fpermissive -fvisibility-inlines-hidden -isystem/usr/local/openmoko/arm/arm-angstrom-linux-gnueabi/include -o out/conftest2.o conftest.cpp >&5
configure:13692: $? = 0
configure:13714: result: yes
configure:13740: checking whether the ccache arm-angstrom-linux-gnueabi-g++ -march=armv4t -mtune=arm920t linker (arm-angstrom-linux-gnueabi-ld) supports shared libraries
configure:13768: result: yes
configure:13835: checking dynamic linker characteristics
configure:14397: result: GNU/Linux ld.so
configure:14406: checking how to hardcode library paths into programs
configure:14431: result: immediate
configure:14965: checking if libtool supports shared libraries
configure:14967: result: yes
configure:14970: checking whether to build shared libraries
configure:14990: result: yes
configure:14993: checking whether to build static libraries
configure:14997: result: yes
configure:15007: checking for ccache arm-angstrom-linux-gnueabi-g77 -march=armv4t -mtune=arm920t option to produce PIC
configure:15239: result: -fPIC
configure:15247: checking if ccache arm-angstrom-linux-gnueabi-g77 -march=armv4t -mtune=arm920t PIC flag -fPIC works
configure:15265: ccache arm-angstrom-linux-gnueabi-g77 -march=armv4t -mtune=arm920t -c  -fPIC conftest.f >&5
arm-angstrom-linux-gnueabi-g77: No such file or directory
configure:15269: $? = 1
configure:15282: result: no
configure:15310: checking if ccache arm-angstrom-linux-gnueabi-g77 -march=armv4t -mtune=arm920t static flag -static works
configure:15338: result: no
configure:15348: checking if ccache arm-angstrom-linux-gnueabi-g77 -march=armv4t -mtune=arm920t supports -c -o file.o
configure:15369: ccache arm-angstrom-linux-gnueabi-g77 -march=armv4t -mtune=arm920t -c  -o out/conftest2.o conftest.f >&5
arm-angstrom-linux-gnueabi-g77: No such file or directory
configure:15373: $? = 1
configure:15395: result: no
configure:15421: checking whether the ccache arm-angstrom-linux-gnueabi-g77 -march=armv4t -mtune=arm920t linker (arm-angstrom-linux-gnueabi-ld) supports shared libraries
configure:16382: result: yes
configure:16449: checking dynamic linker characteristics
configure:17011: result: GNU/Linux ld.so
configure:17020: checking how to hardcode library paths into programs
configure:17045: result: immediate
configure:20635: checking for arm-angstrom-linux-gnueabi-pkg-config
configure:20668: result: no
configure:20678: checking for pkg-config
configure:20696: found /usr/local/openmoko/arm/bin/pkg-config
configure:20708: result: /usr/local/openmoko/arm/bin/pkg-config
configure:20722: WARNING: In the future, Autoconf will not detect cross-tools
whose name does not start with the host triplet.  If you think this
configuration is useful to you, please write to autoconf@gnu.org.
configure:20737: checking pkg-config is at least version 0.9.0
configure:20740: result: yes
configure:20751: checking for DEPENDENCIES
configure:20759: $PKG_CONFIG --exists --print-errors "bluez"
configure:20762: $? = 0
configure:20777: $PKG_CONFIG --exists --print-errors "bluez"
configure:20780: $? = 0
configure:20856: result: yes
configure:20999: creating ./config.status

## ---------------- ##
## Cache variables. ##
## ---------------- ##

ac_cv___va_copy=yes
ac_cv_af_unix_large_dgram=yes
ac_cv_alignof_CORBA_boolean=1
ac_cv_alignof_CORBA_char=1
ac_cv_alignof_CORBA_double=4
ac_cv_alignof_CORBA_float=4
ac_cv_alignof_CORBA_long=4
ac_cv_alignof_CORBA_long_double=4
ac_cv_alignof_CORBA_long_long=4
ac_cv_alignof_CORBA_octet=1
ac_cv_alignof_CORBA_pointer=4
ac_cv_alignof_CORBA_short=2
ac_cv_alignof_CORBA_struct=4
ac_cv_alignof_CORBA_wchar=2
ac_cv_build=i686-pc-linux-gnu
ac_cv_c_bigendian=no
ac_cv_c_compiler_gnu=yes
ac_cv_c_littleendian=yes
ac_cv_c_long_double=yes
ac_cv_check_sjlj=ssjlj
ac_cv_conv_longlong_to_float=yes
ac_cv_cxx_compiler_gnu=yes
ac_cv_dirent_have_space_d_name=yes
ac_cv_env_CCC_set=
ac_cv_env_CCC_value=
ac_cv_env_CC_set=set
ac_cv_env_CC_value='ccache arm-angstrom-linux-gnueabi-gcc -march=armv4t -mtune=arm920t'
ac_cv_env_CFLAGS_set=set
ac_cv_env_CFLAGS_value='-isystem/usr/local/openmoko/arm/arm-angstrom-linux-gnueabi/include -fexpensive-optimizations -fomit-frame-pointer -frename-registers -Os'
ac_cv_env_CPPFLAGS_set=set
ac_cv_env_CPPFLAGS_value=-isystem/usr/local/openmoko/arm/arm-angstrom-linux-gnueabi/include
ac_cv_env_CPP_set=set
ac_cv_env_CPP_value='arm-angstrom-linux-gnueabi-gcc -E'
ac_cv_env_CXXCPP_set=
ac_cv_env_CXXCPP_value=
ac_cv_env_CXXFLAGS_set=set
ac_cv_env_CXXFLAGS_value='-isystem/usr/local/openmoko/arm/arm-angstrom-linux-gnueabi/include -fexpensive-optimizations -fomit-frame-pointer -frename-registers -Os -fpermissive -fvisibility-inlines-hidden'
ac_cv_env_CXX_set=set
ac_cv_env_CXX_value='ccache arm-angstrom-linux-gnueabi-g++ -march=armv4t -mtune=arm920t'
ac_cv_env_DEPENDENCIES_CFLAGS_set=
ac_cv_env_DEPENDENCIES_CFLAGS_value=
ac_cv_env_DEPENDENCIES_LIBS_set=
ac_cv_env_DEPENDENCIES_LIBS_value=
ac_cv_env_F77_set=set
ac_cv_env_F77_value='ccache arm-angstrom-linux-gnueabi-g77 -march=armv4t -mtune=arm920t'
ac_cv_env_FFLAGS_set=
ac_cv_env_FFLAGS_value=
ac_cv_env_LDFLAGS_set=set
ac_cv_env_LDFLAGS_value='-L/usr/local/openmoko/arm/arm-angstrom-linux-gnueabi/lib -Wl,-rpath-link,/usr/local/openmoko/arm/arm-angstrom-linux-gnueabi/lib -Wl,-O1'
ac_cv_env_LIBS_set=
ac_cv_env_LIBS_value=
ac_cv_env_PKG_CONFIG_set=
ac_cv_env_PKG_CONFIG_value=
ac_cv_env_build_alias_set=
ac_cv_env_build_alias_value=
ac_cv_env_host_alias_set=set
ac_cv_env_host_alias_value=arm-angstrom-linux-gnueabi
ac_cv_env_target_alias_set=
ac_cv_env_target_alias_value=
ac_cv_epoll_works=yes
ac_cv_f77_compiler_gnu=no
ac_cv_file__dev_random=yes
ac_cv_file__dev_zero=yes
ac_cv_file__usr_share_X11_sgml_defs_ent=no
ac_cv_file_lib_src_libmad_frame_h=no
ac_cv_func___va_copy=yes
ac_cv_func_fnmatch_works=yes
ac_cv_func_getaddrinfo=yes
ac_cv_func_getpagesize=yes
ac_cv_func_getpgrp_void=yes
ac_cv_func_getpwuid_r=yes
ac_cv_func_lstat_dereferences_slashed_symlink=yes
ac_cv_func_lstat_empty_string_bug=no
ac_cv_func_malloc_0_nonnull=yes
ac_cv_func_malloc_works=yes
ac_cv_func_memcmp_working=yes
ac_cv_func_memcpy=yes
ac_cv_func_mmap_fixed_mapped=yes
ac_cv_func_posix_getgrgid_r=yes
ac_cv_func_posix_getpwnam_r=yes
ac_cv_func_posix_getpwuid_r=yes
ac_cv_func_printf_unix98=yes
ac_cv_func_pthread_attr_getstack=yes
ac_cv_func_pthread_key_delete=yes
ac_cv_func_realloc_0_nonnull=yes
ac_cv_func_setpgrp_void=yes
ac_cv_func_setresuid=yes
ac_cv_func_setvbuf_reversed=no
ac_cv_func_snprintf_c99=yes
ac_cv_func_stat_empty_string_bug=no
ac_cv_func_stat_ignores_trailing_slash=no
ac_cv_func_strerror=yes
ac_cv_func_va_copy=yes
ac_cv_func_vsnprintf_c99=yes
ac_cv_have_abstract_sockets=yes
ac_cv_have_accrights_in_msghdr=no
ac_cv_have_broken_snprintf=no
ac_cv_have_control_in_msghdr=yes
ac_cv_have_decl_sys_siglist=yes
ac_cv_have_openpty_ctty_bug=yes
ac_cv_have_space_d_name_in_struct_dirent=yes
ac_cv_header_dlfcn_h=yes
ac_cv_header_inttypes_h=yes
ac_cv_header_memory_h=yes
ac_cv_header_netinet_sctp_h=no
ac_cv_header_netinet_sctp_uio_h=no
ac_cv_header_stdc=yes
ac_cv_header_stdint_h=yes
ac_cv_header_stdlib_h=yes
ac_cv_header_string_h=yes
ac_cv_header_strings_h=yes
ac_cv_header_sys_stat_h=yes
ac_cv_header_sys_types_h=yes
ac_cv_header_unistd_h=yes
ac_cv_host=arm-angstrom-linux-gnueabi
ac_cv_lbl_unaligned_fail=no
ac_cv_libiconv_utf8=yes
ac_cv_libnet_endianess=lil
ac_cv_linux_vers=2
ac_cv_need_trio=no
ac_cv_objext=o
ac_cv_path_EGREP='/bin/grep -E'
ac_cv_path_ESD_CONFIG=no
ac_cv_path_GREP=/bin/grep
ac_cv_path_ac_pt_PKG_CONFIG=/usr/local/openmoko/arm/bin/pkg-config
ac_cv_path_install='/usr/bin/install -c'
ac_cv_path_mkdir=/bin/mkdir
ac_cv_pread=no
ac_cv_prog_AR=arm-angstrom-linux-gnueabi-ar
ac_cv_prog_AWK=gawk
ac_cv_prog_CC='ccache arm-angstrom-linux-gnueabi-gcc -march=armv4t -mtune=arm920t'
ac_cv_prog_CPP='arm-angstrom-linux-gnueabi-gcc -E'
ac_cv_prog_CXXCPP='ccache arm-angstrom-linux-gnueabi-g++ -march=armv4t -mtune=arm920t -E'
ac_cv_prog_F77='ccache arm-angstrom-linux-gnueabi-g77 -march=armv4t -mtune=arm920t'
ac_cv_prog_RANLIB=arm-angstrom-linux-gnueabi-ranlib
ac_cv_prog_STRIP=arm-angstrom-linux-gnueabi-strip
ac_cv_prog_cc_c89=
ac_cv_prog_cc_c99=-std=gnu99
ac_cv_prog_cc_g=yes
ac_cv_prog_cc_stdc=-std=gnu99
ac_cv_prog_cxx_g=yes
ac_cv_prog_f77_g=no
ac_cv_prog_make_make_set=yes
ac_cv_pwrite=no
ac_cv_sctp=no
ac_cv_search_strerror='none required'
ac_cv_sizeof_char=1
ac_cv_sizeof_char_p=4
ac_cv_sizeof_float=4
ac_cv_sizeof_int=4
ac_cv_sizeof_int_p=4
ac_cv_sizeof_long=4
ac_cv_sizeof_long_long=8
ac_cv_sizeof_long_p=4
ac_cv_sizeof_off_t=4
ac_cv_sizeof_short=2
ac_cv_sizeof_size_t=4
ac_cv_sizeof_ssize_t=4
ac_cv_sizeof_unsigned_char=1
ac_cv_sizeof_unsigned_char_p=4
ac_cv_sizeof_unsigned_int=1
ac_cv_sizeof_unsigned_long=4
ac_cv_sizeof_unsigned_long_long=8
ac_cv_sizeof_unsigned_short=2
ac_cv_sizeof_void_p=4
ac_cv_sizeof_wchar_t=4
ac_cv_sys_linker_h=no
ac_cv_sys_restartable_syscalls=yes
ac_cv_type_struct_timespec=yes
ac_cv_type_uid_t='{ac_cv_type_uid_t=yes}'
ac_cv_uchar=no
ac_cv_uint=yes
ac_cv_ulong=yes
ac_cv_ushort=yes
ac_cv_va_copy=no
ac_cv_va_val_copy=yes
am_cv_CC_dependencies_compiler_type=gcc3
am_cv_CXX_dependencies_compiler_type=gcc3
am_cv_func_working_getline=yes
am_cv_scanf_lld=yes
apr_cv_process_shared_works=no
apr_cv_tcp_nodelay_with_cork=yes
bash_cv_dup2_broken=no
bash_cv_func_sigsetjmp=missing
bash_cv_func_strcoll_broken=no
bash_cv_getcwd_calls_popen=no
bash_cv_getenv_redef=yes
bash_cv_have_mbstate_t=yes
bash_cv_job_control_missing=present
bash_cv_must_reinstall_sighandlers=no
bash_cv_opendir_not_robust=no
bash_cv_pgrp_pipe=no
bash_cv_printf_a_format=yes
bash_cv_sys_named_pipes=present
bash_cv_sys_siglist=yes
bash_cv_type_rlimit=rlim_t
bash_cv_ulimit_maxfds=yes
bash_cv_under_sys_siglist=yes
bash_cv_unusable_rtsigs=no
cvs_cv_func_printf_ptr=yes
db_cv_align_t='unsigned long long'
db_cv_alignp_t='unsigned long'
db_cv_fcntl_f_setfd=yes
db_cv_mutex=x86/gcc-assembly
db_cv_path_ar=/usr/bin/ar
db_cv_path_chmod=/bin/chmod
db_cv_path_cp=/bin/cp
db_cv_path_ln=/bin/ln
db_cv_path_mkdir=/bin/mkdir
db_cv_path_ranlib=/usr/bin/ranlib
db_cv_path_rm=/bin/rm
db_cv_path_sh=/bin/sh
db_cv_path_strip=/usr/bin/strip
db_cv_posixmutexes=no
db_cv_sprintf_count=yes
db_cv_uimutexes=no
dpkg_cv___va_copy=yes
dpkg_cv_va_copy=no
ettercap_cv_type_socklen_t=yes
glib_cv___va_copy=yes
glib_cv_compliant_posix_memalign=1
glib_cv_has__inline=yes
glib_cv_has__inline__=yes
glib_cv_hasinline=yes
glib_cv_long_long_format=ll
glib_cv_rtldglobal_broken=yes
glib_cv_sane_realloc=yes
glib_cv_sizeof_gmutex=24
glib_cv_sizeof_system_thread=4
glib_cv_stack_grows=no
glib_cv_strlcpy=no
glib_cv_sys_pthread_cond_timedwait_posix=yes
glib_cv_sys_pthread_getspecific_posix=yes
glib_cv_sys_pthread_mutex_trylock_posix=yes
glib_cv_uscore=no
glib_cv_use_pid_surrogate=yes
glib_cv_va_copy=yes
glib_cv_va_val_copy=yes
jm_cv_func_gettimeofday_clobber=no
jm_cv_func_working_readdir=yes
lf_cv_sane_realloc=yes
lftp_cv___va_copy=yes
lftp_cv_va_copy=no
libIDL_cv_long_long_format=ll
lt_cv_deplibs_check_method=pass_all
lt_cv_file_magic_cmd='$MAGIC_CMD'
lt_cv_file_magic_test_file=
lt_cv_ld_reload_flag=-r
lt_cv_objdir=.libs
lt_cv_path_LD=arm-angstrom-linux-gnueabi-ld
lt_cv_path_LDCXX=arm-angstrom-linux-gnueabi-ld
lt_cv_path_NM='/usr/local/openmoko/arm/bin/arm-angstrom-linux-gnueabi-nm -B'
lt_cv_path_SED=/bin/sed
lt_cv_prog_compiler_c_o=yes
lt_cv_prog_compiler_c_o_CXX=yes
lt_cv_prog_compiler_c_o_F77=no
lt_cv_prog_compiler_rtti_exceptions=no
lt_cv_prog_gnu_ld=yes
lt_cv_prog_gnu_ldcxx=yes
lt_cv_sys_global_symbol_pipe='sed -n -e '\''s/^.*[ 	]\([ABCDGIRSTW][ABCDGIRSTW]*\)[ 	][ 	]*\([_A-Za-z][_A-Za-z0-9]*\)$/\1 \2 \2/p'\'''
lt_cv_sys_global_symbol_to_c_name_address='sed -n -e '\''s/^: \([^ ]*\) $/  {\"\1\", (lt_ptr) 0},/p'\'' -e '\''s/^[BCDEGRST] \([^ ]*\) \([^ ]*\)$/  {"\2", (lt_ptr) \&\2},/p'\'''
lt_cv_sys_global_symbol_to_cdecl='sed -n -e '\''s/^. .* \(.*\)$/extern int \1;/p'\'''
lt_cv_sys_max_cmd_len=98304
lt_lt_cv_prog_compiler_c_o='"yes"'
lt_lt_cv_prog_compiler_c_o_CXX='"yes"'
lt_lt_cv_prog_compiler_c_o_F77='"no"'
lt_lt_cv_sys_global_symbol_pipe='"sed -n -e '\''s/^.*[ 	]\\([ABCDGIRSTW][ABCDGIRSTW]*\\)[ 	][ 	]*\\([_A-Za-z][_A-Za-z0-9]*\\)\$/\\1 \\2 \\2/p'\''"'
lt_lt_cv_sys_global_symbol_to_c_name_address='"sed -n -e '\''s/^: \\([^ ]*\\) \$/  {\\\"\\1\\\", (lt_ptr) 0},/p'\'' -e '\''s/^[BCDEGRST] \\([^ ]*\\) \\([^ ]*\\)\$/  {\"\\2\", (lt_ptr) \\&\\2},/p'\''"'
lt_lt_cv_sys_global_symbol_to_cdecl='"sed -n -e '\''s/^. .* \\(.*\\)\$/extern int \\1;/p'\''"'
mono_cv_uscore=no
mr_cv_target_elf=yes
mysql_cv_func_atomic_add=yes
mysql_cv_func_atomic_sub=yes
php_cv_lib_cookie_io_functions_use_off64_t=yes
pkg_cv_DEPENDENCIES_CFLAGS='-I/usr/local/openmoko/arm/arm-angstrom-linux-gnueabi/usr/local/openmoko/arm/arm-angstrom-linux-gnueabi/usr//include  '
pkg_cv_DEPENDENCIES_LIBS='-L/usr/local/openmoko/arm/arm-angstrom-linux-gnueabi/usr/local/openmoko/arm/arm-angstrom-linux-gnueabi/usr//lib -lbluetooth  '
racoon_cv_bug_getaddrinfo=no
rpppoe_cv_pack_bitfields=rev
rsync_cv_HAVE_BROKEN_LARGEFILE=no
rsync_cv_HAVE_BROKEN_READDIR=no
rsync_cv_HAVE_C99_VSNPRINTF=yes
rsync_cv_HAVE_GETTIMEOFDAY_TZ=yes
rsync_cv_HAVE_LONGLONG=yes
rsync_cv_HAVE_OFF64_T=no
rsync_cv_HAVE_SECURE_MKSTEMP=yes
rsync_cv_HAVE_SHORT_INO_T=no
rsync_cv_HAVE_SOCKETPAIR=yes
rsync_cv_HAVE_UNSIGNED_CHAR=no
rsync_cv_REPLACE_INET_ATON=no
rsync_cv_REPLACE_INET_NTOA=no
samba_cv_HAVE_GETTIMEOFDAY_TZ=yes
screen_cv_sys_bcopy_overlap=no
screen_cv_sys_fifo_broken_impl=yes
screen_cv_sys_fifo_usable=yes
screen_cv_sys_memcpy_overlap=no
screen_cv_sys_memmove_overlap=no
screen_cv_sys_select_broken_retval=no
screen_cv_sys_sockets_nofs=no
screen_cv_sys_sockets_usable=yes
screen_cv_sys_terminfo_used=yes
slrn_cv___va_copy=yes
slrn_cv_va_copy=no
slrn_cv_va_val_copy=yes
sudo_cv_uid_t_len=10
utils_cv_sys_open_max=1015
yeti_cv_func_scanf_modif_size_t=yes

## ----------------- ##
## Output variables. ##
## ----------------- ##

ACLOCAL='${SHELL} /home/valerio/remoko/BT_HID_Server/missing --run aclocal-1.10'
AMDEPBACKSLASH='\'
AMDEP_FALSE='#'
AMDEP_TRUE=''
AMTAR='${SHELL} /home/valerio/remoko/BT_HID_Server/missing --run tar'
AR='arm-angstrom-linux-gnueabi-ar'
AUTOCONF='${SHELL} /home/valerio/remoko/BT_HID_Server/missing --run autoconf'
AUTOHEADER='${SHELL} /home/valerio/remoko/BT_HID_Server/missing --run autoheader'
AUTOMAKE='${SHELL} /home/valerio/remoko/BT_HID_Server/missing --run automake-1.10'
AWK='gawk'
CC='ccache arm-angstrom-linux-gnueabi-gcc -march=armv4t -mtune=arm920t -std=gnu99'
CCDEPMODE='depmode=gcc3'
CFLAGS='-isystem/usr/local/openmoko/arm/arm-angstrom-linux-gnueabi/include -fexpensive-optimizations -fomit-frame-pointer -frename-registers -Os'
CPP='arm-angstrom-linux-gnueabi-gcc -E'
CPPFLAGS='-isystem/usr/local/openmoko/arm/arm-angstrom-linux-gnueabi/include'
CXX='ccache arm-angstrom-linux-gnueabi-g++ -march=armv4t -mtune=arm920t'
CXXCPP='ccache arm-angstrom-linux-gnueabi-g++ -march=armv4t -mtune=arm920t -E'
CXXDEPMODE='depmode=gcc3'
CXXFLAGS='-isystem/usr/local/openmoko/arm/arm-angstrom-linux-gnueabi/include -fexpensive-optimizations -fomit-frame-pointer -frename-registers -Os -fpermissive -fvisibility-inlines-hidden'
CYGPATH_W='echo'
DEFS='-DHAVE_CONFIG_H'
DEPDIR='.deps'
DEPENDENCIES=''
DEPENDENCIES_CFLAGS='-I/usr/local/openmoko/arm/arm-angstrom-linux-gnueabi/usr/local/openmoko/arm/arm-angstrom-linux-gnueabi/usr//include  '
DEPENDENCIES_LIBS='-L/usr/local/openmoko/arm/arm-angstrom-linux-gnueabi/usr/local/openmoko/arm/arm-angstrom-linux-gnueabi/usr//lib -lbluetooth  '
ECHO='echo'
ECHO_C=''
ECHO_N='-n'
ECHO_T=''
EGREP='/bin/grep -E'
EXEEXT=''
F77='ccache arm-angstrom-linux-gnueabi-g77 -march=armv4t -mtune=arm920t'
FFLAGS=''
GREP='/bin/grep'
INSTALL_DATA='${INSTALL} -m 644'
INSTALL_PROGRAM='${INSTALL}'
INSTALL_SCRIPT='${INSTALL}'
INSTALL_STRIP_PROGRAM='$(install_sh) -c -s'
LDFLAGS='-L/usr/local/openmoko/arm/arm-angstrom-linux-gnueabi/lib -Wl,-rpath-link,/usr/local/openmoko/arm/arm-angstrom-linux-gnueabi/lib -Wl,-O1'
LIBOBJS=''
LIBS=''
LIBTOOL='$(SHELL) $(top_builddir)/libtool'
LN_S='ln -s'
LTLIBOBJS=''
MAINT='#'
MAINTAINER_MODE_FALSE=''
MAINTAINER_MODE_TRUE='#'
MAKEINFO='${SHELL} /home/valerio/remoko/BT_HID_Server/missing --run makeinfo'
OBJEXT='o'
PACKAGE='remokoserver'
PACKAGE_BUGREPORT='http://code.google.com/p/remoko'
PACKAGE_NAME='remokoserver'
PACKAGE_STRING='remokoserver 0.2.1'
PACKAGE_TARNAME='remokoserver'
PACKAGE_VERSION='0.2.1'
PATH_SEPARATOR=':'
PKG_CONFIG='/usr/local/openmoko/arm/bin/pkg-config'
RANLIB='arm-angstrom-linux-gnueabi-ranlib'
SED='/bin/sed'
SET_MAKE=''
SHELL='/bin/bash'
STRIP='arm-angstrom-linux-gnueabi-strip'
VERSION='0.2.1'
ac_ct_CC=''
ac_ct_CXX=''
ac_ct_F77=''
am__fastdepCC_FALSE='#'
am__fastdepCC_TRUE=''
am__fastdepCXX_FALSE='#'
am__fastdepCXX_TRUE=''
am__include='include'
am__isrc=''
am__leading_dot='.'
am__quote=''
am__tar='${AMTAR} chof - "$$tardir"'
am__untar='${AMTAR} xf -'
bindir='${exec_prefix}/bin'
build='i686-pc-linux-gnu'
build_alias=''
build_cpu='i686'
build_os='linux-gnu'
build_vendor='pc'
datadir='${datarootdir}'
datarootdir='${prefix}/share'
docdir='${datarootdir}/doc/${PACKAGE_TARNAME}'
dvidir='${docdir}'
exec_prefix='${prefix}'
host='arm-angstrom-linux-gnueabi'
host_alias='arm-angstrom-linux-gnueabi'
host_cpu='arm'
host_os='linux-gnueabi'
host_vendor='angstrom'
htmldir='${docdir}'
includedir='${prefix}/include'
infodir='${datarootdir}/info'
install_sh='$(SHELL) /home/valerio/remoko/BT_HID_Server/install-sh'
libdir='${exec_prefix}/lib'
libexecdir='${exec_prefix}/libexec'
localedir='${datarootdir}/locale'
localstatedir='${prefix}/var'
mandir='${datarootdir}/man'
mkdir_p='/bin/mkdir -p'
oldincludedir='/usr/include'
pdfdir='${docdir}'
prefix='/usr/local/openmoko/arm/arm-angstrom-linux-gnueabi/usr/'
program_transform_name='s,x,x,'
psdir='${docdir}'
sbindir='${exec_prefix}/sbin'
sharedstatedir='${prefix}/com'
sysconfdir='${prefix}/etc'
target_alias=''

## ----------- ##
## confdefs.h. ##
## ----------- ##

#define PACKAGE_NAME "remokoserver"
#define PACKAGE_TARNAME "remokoserver"
#define PACKAGE_VERSION "0.2.1"
#define PACKAGE_STRING "remokoserver 0.2.1"
#define PACKAGE_BUGREPORT "http://code.google.com/p/remoko"
#define PACKAGE "remokoserver"
#define VERSION "0.2.1"
#define STDC_HEADERS 1
#define HAVE_SYS_TYPES_H 1
#define HAVE_SYS_STAT_H 1
#define HAVE_STDLIB_H 1
#define HAVE_STRING_H 1
#define HAVE_MEMORY_H 1
#define HAVE_STRINGS_H 1
#define HAVE_INTTYPES_H 1
#define HAVE_STDINT_H 1
#define HAVE_UNISTD_H 1
#define HAVE_DLFCN_H 1

configure: exit 0

## ---------------------- ##
## Running config.status. ##
## ---------------------- ##

This file was extended by remokoserver config.status 0.2.1, which was
generated by GNU Autoconf 2.61.  Invocation command line was

  CONFIG_FILES    = 
  CONFIG_HEADERS  = 
  CONFIG_LINKS    = 
  CONFIG_COMMANDS = 
  $ ./config.status 

on VDVsx-Machine

config.status:670: creating Makefile
config.status:670: creating src/Makefile
config.status:670: creating config.h
config.status:943: executing depfiles commands
